<?xml version="1.0" encoding="UTF-8"?>
<!-- Generated by org.testng.reporters.JUnitReportReporter -->
<testsuite hostname="DESKTOP-12SU5FG" failures="0" tests="1" name="com.app.AppTest" time="0.008" errors="0" timestamp="2023-05-31T12:16:26 IST" skipped="0">
  <testcase classname="com.app.AppTest" name="shouldAnswerWithTrue" time="0.008"/>
  <system-out/>
</testsuite> <!-- com.app.AppTest -->
